<?xml version="1.0" encoding="UTF-8"?>
<testng-results ignored="0" total="3" passed="3" failed="0" skipped="0">
  <reporter-output>
  </reporter-output>
  <suite started-at="2026-01-30T06:12:22 UTC" name="Suite" finished-at="2026-01-30T06:12:40 UTC" duration-ms="17973">
    <groups>
      <group name="cucumber">
        <method signature="AbstractTestNGCucumberTests.runScenario(io.cucumber.testng.PickleWrapper,io.cucumber.testng.FeatureWrapper)[pri:0, instance:stepdefinition.testrun2@6f4a47c7]" name="runScenario" class="io.cucumber.testng.AbstractTestNGCucumberTests"/>
      </group> <!-- cucumber -->
    </groups>
    <test started-at="2026-01-30T06:12:22 UTC" name="Test" finished-at="2026-01-30T06:12:40 UTC" duration-ms="17973">
      <class name="stepdefinition.testrun2">
        <test-method is-config="true" signature="setUpClass(org.testng.ITestContext)[pri:0, instance:stepdefinition.testrun2@6f4a47c7]" started-at="2026-01-30T06:12:22 UTC" name="setUpClass" finished-at="2026-01-30T06:12:23 UTC" duration-ms="366" status="PASS">
          <params>
            <param index="0">
              <value>
                <![CDATA[org.testng.TestRunner@4ea56bdb]]>
              </value>
            </param>
          </params>
          <reporter-output>
          </reporter-output>
        </test-method> <!-- setUpClass -->
        <test-method signature="runScenario(io.cucumber.testng.PickleWrapper,io.cucumber.testng.FeatureWrapper)[pri:0, instance:stepdefinition.testrun2@6f4a47c7]" started-at="2026-01-30T06:12:23 UTC" name="runScenario" description="Runs Cucumber Scenarios" data-provider="scenarios" finished-at="2026-01-30T06:12:30 UTC" duration-ms="6921" status="PASS">
          <params>
            <param index="0">
              <value>
                <![CDATA["validate google search is working"]]>
              </value>
            </param>
            <param index="1">
              <value>
                <![CDATA["homepage_search"]]>
              </value>
            </param>
          </params>
          <reporter-output>
          </reporter-output>
        </test-method> <!-- runScenario -->
        <test-method signature="runScenario(io.cucumber.testng.PickleWrapper,io.cucumber.testng.FeatureWrapper)[pri:0, instance:stepdefinition.testrun2@6f4a47c7]" started-at="2026-01-30T06:12:30 UTC" name="runScenario" description="Runs Cucumber Scenarios" data-provider="scenarios" finished-at="2026-01-30T06:12:35 UTC" duration-ms="5334" status="PASS">
          <params>
            <param index="0">
              <value>
                <![CDATA["check login is succesful with"]]>
              </value>
            </param>
            <param index="1">
              <value>
                <![CDATA["Test login functionality"]]>
              </value>
            </param>
          </params>
          <reporter-output>
          </reporter-output>
        </test-method> <!-- runScenario -->
        <test-method signature="runScenario(io.cucumber.testng.PickleWrapper,io.cucumber.testng.FeatureWrapper)[pri:0, instance:stepdefinition.testrun2@6f4a47c7]" started-at="2026-01-30T06:12:35 UTC" name="runScenario" description="Runs Cucumber Scenarios" data-provider="scenarios" finished-at="2026-01-30T06:12:40 UTC" duration-ms="5273" status="PASS">
          <params>
            <param index="0">
              <value>
                <![CDATA["check login is succesful with"]]>
              </value>
            </param>
            <param index="1">
              <value>
                <![CDATA["Test login functionality"]]>
              </value>
            </param>
          </params>
          <reporter-output>
          </reporter-output>
        </test-method> <!-- runScenario -->
        <test-method is-config="true" signature="tearDownClass()[pri:0, instance:stepdefinition.testrun2@6f4a47c7]" started-at="2026-01-30T06:12:40 UTC" name="tearDownClass" finished-at="2026-01-30T06:12:40 UTC" duration-ms="45" status="PASS">
          <reporter-output>
          </reporter-output>
        </test-method> <!-- tearDownClass -->
      </class> <!-- stepdefinition.testrun2 -->
    </test> <!-- Test -->
  </suite> <!-- Suite -->
</testng-results>
