<?xml version="1.0" encoding="UTF-8"?>
<!-- Generated by org.testng.reporters.JUnitReportReporter -->
<testsuite hostname="ip-172-31-14-12" failures="0" tests="3" name="stepdefinition.testrun2" time="17.528" errors="0" timestamp="2026-01-30T06:12:40 UTC" skipped="0">
  <testcase classname="stepdefinition.testrun2" name="runScenario" time="6.921"/>
  <testcase classname="stepdefinition.testrun2" name="runScenario" time="5.334"/>
  <testcase classname="stepdefinition.testrun2" name="runScenario" time="5.273"/>
</testsuite> <!-- stepdefinition.testrun2 -->
