<?xml version="1.0" encoding="UTF-8"?>
<!-- Generated by org.testng.reporters.JUnitReportReporter -->
<testsuite hostname="ip-172-31-14-12" failures="0" tests="5" name="attributessample.sample_dif_grp" time="0.011" errors="0" timestamp="2026-01-26T15:59:42 UTC" skipped="0">
  <testcase classname="attributessample.sample_dif_grp" name="f" time="0.007"/>
  <testcase classname="attributessample.sample_dif_grp" name="f3" time="0.001"/>
  <testcase classname="attributessample.sample_dif_grp" name="f4" time="0.001"/>
  <testcase classname="attributessample.sample_dif_grp" name="f5" time="0.001"/>
  <testcase classname="attributessample.sample_dif_grp" name="f2" time="0.001"/>
</testsuite> <!-- attributessample.sample_dif_grp -->
