<?xml version="1.0" encoding="UTF-8"?>
<!-- Generated by org.testng.reporters.JUnitReportReporter -->
<testsuite hostname="ip-172-31-14-12" failures="0" tests="4" name="attributessample.attr_demo" time="0.213" errors="1" timestamp="2026-01-26T13:31:13 UTC" skipped="1">
  <testcase classname="attributessample.attr_demo" name="f3" time="0.205">
    <error message="Method attributessample.attr_demo.f3() didn&#039;t finish within the time-out 200" type="org.testng.internal.thread.ThreadTimeoutException">
      <![CDATA[org.testng.internal.thread.ThreadTimeoutException: Method attributessample.attr_demo.f3() didn't finish within the time-out 200
at java.base/java.lang.Thread.sleep0(Native Method)
at java.base/java.lang.Thread.sleep(Thread.java:509)
at attributessample.attr_demo.f3(attr_demo.java:16)
at java.base/jdk.internal.reflect.DirectMethodHandleAccessor.invoke(DirectMethodHandleAccessor.java:103)
at java.base/java.lang.reflect.Method.invoke(Method.java:580)
at org.testng.internal.invokers.MethodInvocationHelper.invokeMethod(MethodInvocationHelper.java:141)
at org.testng.internal.invokers.InvokeMethodRunnable.runOne(InvokeMethodRunnable.java:47)
at org.testng.internal.invokers.InvokeMethodRunnable.call(InvokeMethodRunnable.java:76)
at org.testng.internal.invokers.InvokeMethodRunnable.call(InvokeMethodRunnable.java:11)
at java.base/java.util.concurrent.FutureTask.run(FutureTask.java:317)
at java.base/java.util.concurrent.ThreadPoolExecutor.runWorker(ThreadPoolExecutor.java:1144)
at java.base/java.util.concurrent.ThreadPoolExecutor$Worker.run(ThreadPoolExecutor.java:642)
at java.base/java.lang.Thread.run(Thread.java:1583)
]]>
    </error>
  </testcase> <!-- f3 -->
  <testcase classname="attributessample.attr_demo" name="f2" time="0.007"/>
  <testcase classname="attributessample.attr_demo" name="f4" time="0.001"/>
  <testcase classname="attributessample.attr_demo" name="f">
    <skipped/>
  </testcase> <!-- f -->
</testsuite> <!-- attributessample.attr_demo -->
