<?xml version="1.0" encoding="UTF-8"?>
<!-- Generated by org.testng.reporters.JUnitReportReporter -->
<testsuite hostname="ip-172-31-14-12" failures="0" tests="3" name="sample_dataprovider.dp_sample" time="0.014" errors="0" timestamp="2026-01-26T15:44:20 UTC" skipped="0">
  <testcase classname="sample_dataprovider.dp_sample" name="testMethod" time="0.010"/>
  <testcase classname="sample_dataprovider.dp_sample" name="testMethod" time="0.002"/>
  <testcase classname="sample_dataprovider.dp_sample" name="testMethod" time="0.002"/>
</testsuite> <!-- sample_dataprovider.dp_sample -->
