<?xml version="1.0" encoding="UTF-8"?>
<!-- Generated by org.testng.reporters.JUnitReportReporter -->
<testsuite hostname="ip-172-31-14-12" failures="0" tests="3" name="attributessample.sample_priority" time="0.010" errors="0" timestamp="2026-01-26T16:03:48 UTC" skipped="0">
  <testcase classname="attributessample.sample_priority" name="f3" time="0.008"/>
  <testcase classname="attributessample.sample_priority" name="f1" time="0.001"/>
  <testcase classname="attributessample.sample_priority" name="f" time="0.001"/>
</testsuite> <!-- attributessample.sample_priority -->
