<?xml version="1.0" encoding="UTF-8"?>
<!-- Generated by org.testng.reporters.JUnitReportReporter -->
<testsuite hostname="ip-172-31-14-12" failures="0" tests="4" name="attributessample.samplegrp_attr" time="0.010" errors="0" timestamp="2026-01-26T16:01:22 UTC" skipped="0">
  <testcase classname="attributessample.samplegrp_attr" name="f5" time="0.001"/>
  <testcase classname="attributessample.samplegrp_attr" name="f" time="0.006"/>
  <testcase classname="attributessample.samplegrp_attr" name="f4" time="0.001"/>
  <testcase classname="attributessample.samplegrp_attr" name="f2" time="0.002"/>
</testsuite> <!-- attributessample.samplegrp_attr -->
