<?xml version="1.0" encoding="UTF-8"?>
<!-- Generated by org.testng.reporters.JUnitReportReporter -->
<testsuite hostname="ip-172-31-14-12" failures="0" tests="4" name="sampleparallel.parallelemp2" time="0.011" errors="0" timestamp="2026-01-21T05:11:32 UTC" skipped="0">
  <testcase classname="sampleparallel.parallelemp2" name="f4" time="0.001"/>
  <testcase classname="sampleparallel.parallelemp2" name="f2" time="0.001"/>
  <testcase classname="sampleparallel.parallelemp2" name="f1" time="0.008"/>
  <testcase classname="sampleparallel.parallelemp2" name="f3" time="0.001"/>
</testsuite> <!-- sampleparallel.parallelemp2 -->
