<?xml version="1.0" encoding="UTF-8"?>
<!-- Generated by org.testng.reporters.JUnitReportReporter -->
<testsuite hostname="ip-172-31-14-12" failures="0" tests="6" name="testngannotationsemp.NewTest1" time="0.016" errors="0" timestamp="2026-01-20T09:30:30 UTC" skipped="0">
  <testcase classname="testngannotationsemp.NewTest1" name="f2" time="0.001"/>
  <testcase classname="testngannotationsemp.NewTest1" name="f2" time="0.001"/>
  <testcase classname="testngannotationsemp.NewTest1" name="f2" time="0.002"/>
  <testcase classname="testngannotationsemp.NewTest1" name="f1" time="0.002"/>
  <testcase classname="testngannotationsemp.NewTest1" name="f1" time="0.001"/>
  <testcase classname="testngannotationsemp.NewTest1" name="f1" time="0.009"/>
</testsuite> <!-- testngannotationsemp.NewTest1 -->
