<?xml version="1.0" encoding="UTF-8"?>
<!-- Generated by org.testng.reporters.JUnitReportReporter -->
<testsuite hostname="ip-172-31-14-12" failures="0" tests="6" name="testngannotationsemp.NewTest" time="0.012" errors="0" timestamp="2026-01-20T09:24:58 UTC" skipped="0">
  <testcase classname="testngannotationsemp.NewTest" name="f2" time="0.001"/>
  <testcase classname="testngannotationsemp.NewTest" name="f2" time="0.001"/>
  <testcase classname="testngannotationsemp.NewTest" name="f2" time="0.002"/>
  <testcase classname="testngannotationsemp.NewTest" name="f1" time="0.001"/>
  <testcase classname="testngannotationsemp.NewTest" name="f1" time="0.001"/>
  <testcase classname="testngannotationsemp.NewTest" name="f1" time="0.006"/>
</testsuite> <!-- testngannotationsemp.NewTest -->
