<?xml version="1.0" encoding="UTF-8"?>
<testng-results ignored="0" total="2" passed="2" failed="0" skipped="0">
  <reporter-output>
  </reporter-output>
  <suite started-at="2026-02-02T15:22:28 UTC" name="Default suite" finished-at="2026-02-02T15:22:28 UTC" duration-ms="41">
    <groups>
    </groups>
    <test started-at="2026-02-02T15:22:28 UTC" name="Default test" finished-at="2026-02-02T15:22:28 UTC" duration-ms="41">
      <class name="testing_exp_pkg.NewTest">
        <test-method is-config="true" signature="beforesuite()[pri:0, instance:testing_exp_pkg.NewTest@1b7cc17c]" started-at="2026-02-02T15:22:28 UTC" name="beforesuite" finished-at="2026-02-02T15:22:28 UTC" duration-ms="9" status="PASS">
          <reporter-output>
          </reporter-output>
        </test-method> <!-- beforesuite -->
        <test-method is-config="true" signature="beforetest()[pri:0, instance:testing_exp_pkg.NewTest@1b7cc17c]" started-at="2026-02-02T15:22:28 UTC" name="beforetest" finished-at="2026-02-02T15:22:28 UTC" duration-ms="0" status="PASS">
          <reporter-output>
          </reporter-output>
        </test-method> <!-- beforetest -->
        <test-method is-config="true" signature="beforeclass()[pri:0, instance:testing_exp_pkg.NewTest@1b7cc17c]" started-at="2026-02-02T15:22:28 UTC" name="beforeclass" finished-at="2026-02-02T15:22:28 UTC" duration-ms="1" status="PASS">
          <reporter-output>
          </reporter-output>
        </test-method> <!-- beforeclass -->
        <test-method is-config="true" signature="beforeMethod()[pri:0, instance:testing_exp_pkg.NewTest@1b7cc17c]" started-at="2026-02-02T15:22:28 UTC" name="beforeMethod" finished-at="2026-02-02T15:22:28 UTC" duration-ms="0" status="PASS">
          <reporter-output>
          </reporter-output>
        </test-method> <!-- beforeMethod -->
        <test-method signature="f()[pri:0, instance:testing_exp_pkg.NewTest@1b7cc17c]" started-at="2026-02-02T15:22:28 UTC" name="f" finished-at="2026-02-02T15:22:28 UTC" duration-ms="6" status="PASS">
          <reporter-output>
          </reporter-output>
        </test-method> <!-- f -->
        <test-method is-config="true" signature="afterMethod()[pri:0, instance:testing_exp_pkg.NewTest@1b7cc17c]" started-at="2026-02-02T15:22:28 UTC" name="afterMethod" finished-at="2026-02-02T15:22:28 UTC" duration-ms="1" status="PASS">
          <reporter-output>
          </reporter-output>
        </test-method> <!-- afterMethod -->
        <test-method is-config="true" signature="beforeMethod()[pri:0, instance:testing_exp_pkg.NewTest@1b7cc17c]" started-at="2026-02-02T15:22:28 UTC" name="beforeMethod" finished-at="2026-02-02T15:22:28 UTC" duration-ms="0" status="PASS">
          <reporter-output>
          </reporter-output>
        </test-method> <!-- beforeMethod -->
        <test-method signature="f2()[pri:0, instance:testing_exp_pkg.NewTest@1b7cc17c]" started-at="2026-02-02T15:22:28 UTC" name="f2" finished-at="2026-02-02T15:22:28 UTC" duration-ms="1" status="PASS">
          <reporter-output>
          </reporter-output>
        </test-method> <!-- f2 -->
        <test-method is-config="true" signature="afterMethod()[pri:0, instance:testing_exp_pkg.NewTest@1b7cc17c]" started-at="2026-02-02T15:22:28 UTC" name="afterMethod" finished-at="2026-02-02T15:22:28 UTC" duration-ms="1" status="PASS">
          <reporter-output>
          </reporter-output>
        </test-method> <!-- afterMethod -->
        <test-method is-config="true" signature="afterclass()[pri:0, instance:testing_exp_pkg.NewTest@1b7cc17c]" started-at="2026-02-02T15:22:28 UTC" name="afterclass" finished-at="2026-02-02T15:22:28 UTC" duration-ms="1" status="PASS">
          <reporter-output>
          </reporter-output>
        </test-method> <!-- afterclass -->
        <test-method is-config="true" signature="aftertest()[pri:0, instance:testing_exp_pkg.NewTest@1b7cc17c]" started-at="2026-02-02T15:22:28 UTC" name="aftertest" finished-at="2026-02-02T15:22:28 UTC" duration-ms="0" status="PASS">
          <reporter-output>
          </reporter-output>
        </test-method> <!-- aftertest -->
        <test-method is-config="true" signature="aftersuite()[pri:0, instance:testing_exp_pkg.NewTest@1b7cc17c]" started-at="2026-02-02T15:22:28 UTC" name="aftersuite" finished-at="2026-02-02T15:22:28 UTC" duration-ms="0" status="PASS">
          <reporter-output>
          </reporter-output>
        </test-method> <!-- aftersuite -->
      </class> <!-- testing_exp_pkg.NewTest -->
    </test> <!-- Default test -->
  </suite> <!-- Default suite -->
</testng-results>
